[2017-01-12 14:00:44] login.WARNING: test123 [] []
[2017-01-12 14:00:44] login.ERROR: 27 [] []
[2017-01-12 14:05:24] login.INFO: test123 [] []
[2017-01-12 14:05:31] login.INFO: test123 [] []
[2017-01-12 14:07:49] login.INFO: tài khoản: ["27","test123"] []
[2017-01-12 14:08:53] login.INFO: Thông tin tài khoản đăng nhập /id/username: ["27","test123"] []
[2017-01-12 15:09:32] login.INFO: Thông tin tài khoản đăng nhập /id/username: ["27","test123"] []
[2017-01-12 16:05:43] login.INFO: Thông tin tài khoản đăng nhập /id/username: ["27","test123"] []
[2017-01-12 19:54:17] login.INFO: Thông tin tài khoản đăng nhập /id/username: ["27","test123"] []
[2017-01-13 10:02:37] login.INFO: Thông tin tài khoản đăng nhập /id/username: ["27","test123"] []
[2017-01-13 11:44:42] login.INFO: Thông tin tài khoản đăng nhập /id/username: ["27","test123"] []
[2017-01-13 17:19:16] login.INFO: Thông tin tài khoản đăng nhập /id/username: ["27","test123"] []
[2017-01-13 18:48:23] login.INFO: Thông tin tài khoản đăng nhập /id/username: ["27","test123"] []
[2017-01-15 20:33:45] login.INFO: Thông tin tài khoản đăng nhập /id/username: ["27","test123"] []
[2017-01-16 09:31:12] login.INFO: Thông tin tài khoản đăng nhập /id/username: ["27","test123"] []
[2017-01-16 11:21:27] login.INFO: Thông tin tài khoản đăng nhập /id/username: ["27","test123"] []
[2017-01-16 14:31:46] login.INFO: Thông tin tài khoản đăng nhập /id/username: ["27","test123"] []
[2017-01-16 15:05:53] login.INFO: Thông tin tài khoản đăng nhập /id/username: ["27","test123"] []
[2017-01-16 15:20:10] login.INFO: Thông tin tài khoản đăng nhập /id/username: ["27","test123"] []
[2017-01-17 09:23:02] login.INFO: Thông tin tài khoản đăng nhập /id/username: ["27","test123"] []
[2017-01-17 11:16:59] login.INFO: Thông tin tài khoản đăng nhập /id/username: ["27","test123"] []
[2017-01-22 18:00:11] login.INFO: Thông tin tài khoản đăng nhập /id/username: ["27","test123"] []
[2017-02-07 15:42:11] login.INFO: Thông tin tài khoản đăng nhập /id/username: ["27","test123"] []
